# JRE version: OpenJDK Runtime Environment (11.0.2+9) (build 11.0.2+9)
# Java VM: OpenJDK 64-Bit Server VM (11.0.2+9, mixed mode, tiered, compressed oops, g1 gc, windows-amd64)
Heap:
 garbage-first heap   total 312320K, used 154684K [0x0000000702c00000, 0x0000000800000000)
  region size 1024K, 25 young (25600K), 4 survivors (4096K)
 Metaspace       used 83737K, capacity 86826K, committed 86936K, reserved 1126400K
  class space    used 9171K, capacity 10469K, committed 10496K, reserved 1048576K
GC Heap History (10 events):
Event: 41.376 GC heap before
{Heap before GC invocations=20 (full 0):
 garbage-first heap   total 312320K, used 252431K [0x0000000702c00000, 0x0000000800000000)
  region size 1024K, 139 young (142336K), 15 survivors (15360K)
 Metaspace       used 82734K, capacity 85817K, committed 85912K, reserved 1124352K
  class space    used 9126K, capacity 10411K, committed 10496K, reserved 1048576K
}
Event: 41.388 GC heap after
{Heap after GC invocations=21 (full 0):
 garbage-first heap   total 312320K, used 142594K [0x0000000702c00000, 0x0000000800000000)
  region size 1024K, 18 young (18432K), 18 survivors (18432K)
 Metaspace       used 82734K, capacity 85817K, committed 85912K, reserved 1124352K
  class space    used 9126K, capacity 10411K, committed 10496K, reserved 1048576K
}
Event: 77.563 GC heap before
{Heap before GC invocations=21 (full 0):
 garbage-first heap   total 312320K, used 248066K [0x0000000702c00000, 0x0000000800000000)
  region size 1024K, 122 young (124928K), 18 survivors (18432K)
 Metaspace       used 83217K, capacity 86214K, committed 86424K, reserved 1126400K
  class space    used 9132K, capacity 10413K, committed 10496K, reserved 1048576K
}
Event: 77.570 GC heap after
{Heap after GC invocations=22 (full 0):
 garbage-first heap   total 312320K, used 146071K [0x0000000702c00000, 0x0000000800000000)
  region size 1024K, 3 young (3072K), 3 survivors (3072K)
 Metaspace       used 83217K, capacity 86214K, committed 86424K, reserved 1126400K
  class space    used 9132K, capacity 10413K, committed 10496K, reserved 1048576K
}
Event: 107.587 GC heap before
{Heap before GC invocations=22 (full 0):
 garbage-first heap   total 312320K, used 253591K [0x0000000702c00000, 0x0000000800000000)
  region size 1024K, 108 young (110592K), 3 survivors (3072K)
 Metaspace       used 83572K, capacity 86628K, committed 86680K, reserved 1126400K
  class space    used 9170K, capacity 10469K, committed 10496K, reserved 1048576K
}
Event: 107.591 GC heap after
{Heap after GC invocations=23 (full 0):
 garbage-first heap   total 312320K, used 145775K [0x0000000702c00000, 0x0000000800000000)
  region size 1024K, 3 young (3072K), 3 survivors (3072K)
 Metaspace       used 83572K, capacity 86628K, committed 86680K, reserved 1126400K
  class space    used 9170K, capacity 10469K, committed 10496K, reserved 1048576K
}
Event: 142.644 GC heap before
{Heap before GC invocations=24 (full 0):
 garbage-first heap   total 312320K, used 242031K [0x0000000702c00000, 0x0000000800000000)
  region size 1024K, 110 young (112640K), 3 survivors (3072K)
 Metaspace       used 83632K, capacity 86757K, committed 86936K, reserved 1126400K
  class space    used 9170K, capacity 10469K, committed 10496K, reserved 1048576K
}
Event: 142.648 GC heap after
{Heap after GC invocations=25 (full 0):
 garbage-first heap   total 312320K, used 134251K [0x0000000702c00000, 0x0000000800000000)
  region size 1024K, 4 young (4096K), 4 survivors (4096K)
 Metaspace       used 83632K, capacity 86757K, committed 86936K, reserved 1126400K
  class space    used 9170K, capacity 10469K, committed 10496K, reserved 1048576K
}
Event: 179.242 GC heap before
{Heap before GC invocations=25 (full 0):
 garbage-first heap   total 312320K, used 252011K [0x0000000702c00000, 0x0000000800000000)
  region size 1024K, 119 young (121856K), 4 survivors (4096K)
 Metaspace       used 83691K, capacity 86822K, committed 86936K, reserved 1126400K
  class space    used 9170K, capacity 10469K, committed 10496K, reserved 1048576K
}
Event: 179.244 GC heap after
{Heap after GC invocations=26 (full 0):
 garbage-first heap   total 312320K, used 134204K [0x0000000702c00000, 0x0000000800000000)
  region size 1024K, 4 young (4096K), 4 survivors (4096K)
 Metaspace       used 83691K, capacity 86822K, committed 86936K, reserved 1126400K
  class space    used 9170K, capacity 10469K, committed 10496K, reserved 1048576K
}

