# JRE version: OpenJDK Runtime Environment (11.0.2+9) (build 11.0.2+9)
# Java VM: OpenJDK 64-Bit Server VM (11.0.2+9, mixed mode, tiered, compressed oops, g1 gc, windows-amd64)
Heap:
 garbage-first heap   total 260096K, used 171582K [0x0000000702c00000, 0x0000000800000000)
  region size 1024K, 55 young (56320K), 8 survivors (8192K)
 Metaspace       used 79103K, capacity 82058K, committed 82328K, reserved 1122304K
  class space    used 8966K, capacity 10180K, committed 10240K, reserved 1048576K
GC Heap History (10 events):
Event: 6.639 GC heap before
{Heap before GC invocations=6 (full 0):
 garbage-first heap   total 260096K, used 98438K [0x0000000702c00000, 0x0000000800000000)
  region size 1024K, 88 young (90112K), 6 survivors (6144K)
 Metaspace       used 46382K, capacity 47253K, committed 47384K, reserved 1091584K
  class space    used 4811K, capacity 5165K, committed 5248K, reserved 1048576K
}
Event: 6.648 GC heap after
{Heap after GC invocations=7 (full 0):
 garbage-first heap   total 260096K, used 17441K [0x0000000702c00000, 0x0000000800000000)
  region size 1024K, 9 young (9216K), 9 survivors (9216K)
 Metaspace       used 46382K, capacity 47253K, committed 47384K, reserved 1091584K
  class space    used 4811K, capacity 5165K, committed 5248K, reserved 1048576K
}
Event: 8.083 GC heap before
{Heap before GC invocations=8 (full 0):
 garbage-first heap   total 260096K, used 139297K [0x0000000702c00000, 0x0000000800000000)
  region size 1024K, 123 young (125952K), 9 survivors (9216K)
 Metaspace       used 47671K, capacity 48522K, committed 48664K, reserved 1093632K
  class space    used 4917K, capacity 5244K, committed 5248K, reserved 1048576K
}
Event: 8.104 GC heap after
{Heap after GC invocations=9 (full 0):
 garbage-first heap   total 260096K, used 36141K [0x0000000702c00000, 0x0000000800000000)
  region size 1024K, 16 young (16384K), 16 survivors (16384K)
 Metaspace       used 47671K, capacity 48522K, committed 48664K, reserved 1093632K
  class space    used 4917K, capacity 5244K, committed 5248K, reserved 1048576K
}
Event: 18.165 GC heap before
{Heap before GC invocations=9 (full 0):
 garbage-first heap   total 260096K, used 165165K [0x0000000702c00000, 0x0000000800000000)
  region size 1024K, 136 young (139264K), 16 survivors (16384K)
 Metaspace       used 62300K, capacity 63386K, committed 63640K, reserved 1105920K
  class space    used 6727K, capacity 7167K, committed 7168K, reserved 1048576K
}
Event: 18.185 GC heap after
{Heap after GC invocations=10 (full 0):
 garbage-first heap   total 260096K, used 75681K [0x0000000702c00000, 0x0000000800000000)
  region size 1024K, 17 young (17408K), 17 survivors (17408K)
 Metaspace       used 62300K, capacity 63386K, committed 63640K, reserved 1105920K
  class space    used 6727K, capacity 7167K, committed 7168K, reserved 1048576K
}
Event: 20.842 GC heap before
{Heap before GC invocations=10 (full 0):
 garbage-first heap   total 260096K, used 182177K [0x0000000702c00000, 0x0000000800000000)
  region size 1024K, 116 young (118784K), 17 survivors (17408K)
 Metaspace       used 73740K, capacity 76232K, committed 76312K, reserved 1116160K
  class space    used 8511K, capacity 9535K, committed 9600K, reserved 1048576K
}
Event: 20.859 GC heap after
{Heap after GC invocations=11 (full 0):
 garbage-first heap   total 260096K, used 95232K [0x0000000702c00000, 0x0000000800000000)
  region size 1024K, 15 young (15360K), 15 survivors (15360K)
 Metaspace       used 73740K, capacity 76232K, committed 76312K, reserved 1116160K
  class space    used 8511K, capacity 9535K, committed 9600K, reserved 1048576K
}
Event: 22.923 GC heap before
{Heap before GC invocations=11 (full 0):
 garbage-first heap   total 260096K, used 166912K [0x0000000702c00000, 0x0000000800000000)
  region size 1024K, 78 young (79872K), 15 survivors (15360K)
 Metaspace       used 75947K, capacity 78758K, committed 78872K, reserved 1118208K
  class space    used 8838K, capacity 10024K, committed 10112K, reserved 1048576K
}
Event: 22.937 GC heap after
{Heap after GC invocations=12 (full 0):
 garbage-first heap   total 260096K, used 111166K [0x0000000702c00000, 0x0000000800000000)
  region size 1024K, 8 young (8192K), 8 survivors (8192K)
 Metaspace       used 75947K, capacity 78758K, committed 78872K, reserved 1118208K
  class space    used 8838K, capacity 10024K, committed 10112K, reserved 1048576K
}

