# JRE version: OpenJDK Runtime Environment (11.0.2+9) (build 11.0.2+9)
# Java VM: OpenJDK 64-Bit Server VM (11.0.2+9, mixed mode, tiered, compressed oops, g1 gc, windows-amd64)
Heap:
 garbage-first heap   total 312320K, used 230400K [0x0000000702c00000, 0x0000000800000000)
  region size 1024K, 80 young (81920K), 4 survivors (4096K)
 Metaspace       used 84251K, capacity 87339K, committed 87640K, reserved 1126400K
  class space    used 9205K, capacity 10535K, committed 10584K, reserved 1048576K
GC Heap History (10 events):
Event: 62.392 GC heap before
{Heap before GC invocations=18 (full 0):
 garbage-first heap   total 312320K, used 233161K [0x0000000702c00000, 0x0000000800000000)
  region size 1024K, 97 young (99328K), 2 survivors (2048K)
 Metaspace       used 83578K, capacity 86695K, committed 86872K, reserved 1126400K
  class space    used 9180K, capacity 10493K, committed 10584K, reserved 1048576K
}
Event: 62.395 GC heap after
{Heap after GC invocations=19 (full 0):
 garbage-first heap   total 312320K, used 139313K [0x0000000702c00000, 0x0000000800000000)
  region size 1024K, 5 young (5120K), 5 survivors (5120K)
 Metaspace       used 83578K, capacity 86695K, committed 86872K, reserved 1126400K
  class space    used 9180K, capacity 10493K, committed 10584K, reserved 1048576K
}
Event: 73.706 GC heap before
{Heap before GC invocations=19 (full 0):
 garbage-first heap   total 312320K, used 242737K [0x0000000702c00000, 0x0000000800000000)
  region size 1024K, 107 young (109568K), 5 survivors (5120K)
 Metaspace       used 83719K, capacity 86772K, committed 86872K, reserved 1126400K
  class space    used 9182K, capacity 10496K, committed 10584K, reserved 1048576K
}
Event: 73.709 GC heap after
{Heap after GC invocations=20 (full 0):
 garbage-first heap   total 312320K, used 139033K [0x0000000702c00000, 0x0000000800000000)
  region size 1024K, 4 young (4096K), 4 survivors (4096K)
 Metaspace       used 83719K, capacity 86772K, committed 86872K, reserved 1126400K
  class space    used 9182K, capacity 10496K, committed 10584K, reserved 1048576K
}
Event: 83.813 GC heap before
{Heap before GC invocations=20 (full 0):
 garbage-first heap   total 312320K, used 247577K [0x0000000702c00000, 0x0000000800000000)
  region size 1024K, 111 young (113664K), 4 survivors (4096K)
 Metaspace       used 83876K, capacity 86939K, committed 87128K, reserved 1126400K
  class space    used 9188K, capacity 10530K, committed 10584K, reserved 1048576K
}
Event: 83.815 GC heap after
{Heap after GC invocations=21 (full 0):
 garbage-first heap   total 312320K, used 138519K [0x0000000702c00000, 0x0000000800000000)
  region size 1024K, 4 young (4096K), 4 survivors (4096K)
 Metaspace       used 83876K, capacity 86939K, committed 87128K, reserved 1126400K
  class space    used 9188K, capacity 10530K, committed 10584K, reserved 1048576K
}
Event: 89.423 GC heap before
{Heap before GC invocations=21 (full 0):
 garbage-first heap   total 312320K, used 199959K [0x0000000702c00000, 0x0000000800000000)
  region size 1024K, 66 young (67584K), 4 survivors (4096K)
 Metaspace       used 83921K, capacity 87007K, committed 87128K, reserved 1126400K
  class space    used 9188K, capacity 10531K, committed 10584K, reserved 1048576K
}
Event: 89.426 GC heap after
{Heap after GC invocations=22 (full 0):
 garbage-first heap   total 312320K, used 138942K [0x0000000702c00000, 0x0000000800000000)
  region size 1024K, 4 young (4096K), 4 survivors (4096K)
 Metaspace       used 83921K, capacity 87007K, committed 87128K, reserved 1126400K
  class space    used 9188K, capacity 10531K, committed 10584K, reserved 1048576K
}
Event: 100.787 GC heap before
{Heap before GC invocations=23 (full 0):
 garbage-first heap   total 312320K, used 267966K [0x0000000702c00000, 0x0000000800000000)
  region size 1024K, 116 young (118784K), 4 survivors (4096K)
 Metaspace       used 84151K, capacity 87269K, committed 87384K, reserved 1126400K
  class space    used 9203K, capacity 10533K, committed 10584K, reserved 1048576K
}
Event: 100.790 GC heap after
{Heap after GC invocations=24 (full 0):
 garbage-first heap   total 312320K, used 154624K [0x0000000702c00000, 0x0000000800000000)
  region size 1024K, 4 young (4096K), 4 survivors (4096K)
 Metaspace       used 84151K, capacity 87269K, committed 87384K, reserved 1126400K
  class space    used 9203K, capacity 10533K, committed 10584K, reserved 1048576K
}

